0 info it worked if it ends with ok
1 verbose cli [ '/usr/local/bin/node', '/usr/local/bin/npm', 'run', 'merge' ]
2 info using npm@3.8.6
3 info using node@v5.11.1
4 verbose run-script [ 'premerge', 'merge', 'postmerge' ]
5 info lifecycle angular2-seed-advanced@0.0.0~premerge: angular2-seed-advanced@0.0.0
6 silly lifecycle angular2-seed-advanced@0.0.0~premerge: no script for premerge, continuing
7 info lifecycle angular2-seed-advanced@0.0.0~merge: angular2-seed-advanced@0.0.0
8 verbose lifecycle angular2-seed-advanced@0.0.0~merge: unsafe-perm in lifecycle true
9 verbose lifecycle angular2-seed-advanced@0.0.0~merge: PATH: /usr/local/lib/node_modules/npm/bin/node-gyp-bin:/Users/scott/workspace/angular2-seed-advanced-test/node_modules/.bin:/usr/local/bin:/Users/scott/.rvm/gems/ruby-2.2.1/bin:/Users/scott/.rvm/gems/ruby-2.2.1@global/bin:/Users/scott/.rvm/rubies/ruby-2.2.1/bin:/usr/local/bin:/usr/bin:/bin:/usr/sbin:/sbin:/opt/X11/bin:/Users/scott/.rvm/bin
10 verbose lifecycle angular2-seed-advanced@0.0.0~merge: CWD: /Users/scott/workspace/angular2-seed-advanced-test
11 silly lifecycle angular2-seed-advanced@0.0.0~merge: Args: [ '-c', 'git fetch upstream && git merge upstream/master' ]
12 silly lifecycle angular2-seed-advanced@0.0.0~merge: Returned: code: 128  signal: null
13 info lifecycle angular2-seed-advanced@0.0.0~merge: Failed to exec merge script
14 verbose stack Error: angular2-seed-advanced@0.0.0 merge: `git fetch upstream && git merge upstream/master`
14 verbose stack Exit status 128
14 verbose stack     at EventEmitter.<anonymous> (/usr/local/lib/node_modules/npm/lib/utils/lifecycle.js:239:16)
14 verbose stack     at emitTwo (events.js:100:13)
14 verbose stack     at EventEmitter.emit (events.js:185:7)
14 verbose stack     at ChildProcess.<anonymous> (/usr/local/lib/node_modules/npm/lib/utils/spawn.js:24:14)
14 verbose stack     at emitTwo (events.js:100:13)
14 verbose stack     at ChildProcess.emit (events.js:185:7)
14 verbose stack     at maybeClose (internal/child_process.js:850:16)
14 verbose stack     at Process.ChildProcess._handle.onexit (internal/child_process.js:215:5)
15 verbose pkgid angular2-seed-advanced@0.0.0
16 verbose cwd /Users/scott/workspace/angular2-seed-advanced-test
17 error Darwin 15.4.0
18 error argv "/usr/local/bin/node" "/usr/local/bin/npm" "run" "merge"
19 error node v5.11.1
20 error npm  v3.8.6
21 error code ELIFECYCLE
22 error angular2-seed-advanced@0.0.0 merge: `git fetch upstream && git merge upstream/master`
22 error Exit status 128
23 error Failed at the angular2-seed-advanced@0.0.0 merge script 'git fetch upstream && git merge upstream/master'.
23 error Make sure you have the latest version of node.js and npm installed.
23 error If you do, this is most likely a problem with the angular2-seed-advanced package,
23 error not with npm itself.
23 error Tell the author that this fails on your system:
23 error     git fetch upstream && git merge upstream/master
23 error You can get information on how to open an issue for this project with:
23 error     npm bugs angular2-seed-advanced
23 error Or if that isn't available, you can get their info via:
23 error     npm owner ls angular2-seed-advanced
23 error There is likely additional logging output above.
24 verbose exit [ 1, true ]
